SF:lib/bloc/detect_solve_bloc/detect_solve_sudoku_event.dart
DA:4,2
DA:6,0
DA:7,0
DA:14,0
DA:16,0
DA:17,0
DA:25,1
DA:27,0
DA:28,0
DA:36,0
DA:38,0
DA:39,0
DA:45,0
DA:47,0
DA:48,0
LF:15
LH:2
end_of_record
SF:lib/bloc/detect_solve_bloc/detect_solve_sudoku_state.dart
DA:4,2
DA:6,1
DA:7,1
DA:9,0
DA:10,0
DA:21,0
DA:23,0
DA:24,0
DA:32,0
DA:34,0
DA:35,0
DA:41,1
DA:43,0
DA:44,0
DA:52,0
DA:54,0
DA:55,0
DA:61,0
DA:63,0
DA:64,0
LF:20
LH:4
end_of_record
SF:lib/bloc/detect_solve_bloc/detect_solve_sudoku_bloc.dart
DA:20,3
DA:21,1
DA:22,0
DA:23,0
DA:24,0
DA:25,0
DA:28,2
DA:29,2
DA:31,3
DA:33,0
DA:34,0
DA:38,0
DA:39,0
DA:42,2
DA:43,2
DA:45,1
DA:46,0
DA:47,0
DA:49,0
DA:51,0
DA:53,0
DA:55,1
DA:56,0
DA:60,1
DA:62,0
DA:63,0
DA:66,0
DA:67,0
DA:70,1
DA:74,1
DA:79,1
DA:80,1
DA:83,1
DA:84,1
DA:85,1
DA:86,1
DA:89,0
DA:91,0
DA:92,0
DA:93,0
DA:99,0
DA:104,0
DA:108,0
DA:112,0
DA:113,0
DA:114,0
DA:115,0
DA:118,0
DA:119,0
DA:120,0
DA:121,0
DA:123,0
DA:126,0
DA:131,0
DA:132,0
DA:134,0
DA:139,0
DA:141,0
DA:143,0
DA:144,0
DA:145,0
DA:146,0
DA:147,0
DA:150,0
LF:64
LH:18
end_of_record
SF:lib/models/history_element.dart
DA:10,0
DA:18,0
DA:19,0
DA:20,0
DA:21,0
DA:22,0
DA:23,0
DA:24,0
DA:25,0
DA:29,0
DA:30,0
DA:31,0
DA:32,0
DA:33,0
DA:34,0
DA:35,0
DA:39,0
DA:40,0
LF:18
LH:0
end_of_record
